2017-12-17 15:04:59 INFO  TestBase:30 -  Openning Browser
2017-12-17 15:05:05 INFO  TestBase:33 - visiting URL:http://demoqa.com/registration
2017-12-17 15:05:05 INFO  TestCase02_registrationPageWithWeakPassword:27 - >>>>>>>>>Browser Opened<<<<<<<<<<<
2017-12-17 15:05:09 INFO  TestCase02_registrationPageWithWeakPassword:35 - Entered Personal informations
2017-12-17 15:05:41 INFO  TestCase02_registrationPageWithWeakPassword:52 - >>>>>>>>>>>>>>>Browser Closed<<<<<<<<<<<<<<
2017-12-17 15:06:02 INFO  TestBase:30 -  Openning Browser
2017-12-17 15:06:08 INFO  TestBase:33 - visiting URL:http://demoqa.com/registration
2017-12-17 15:06:08 INFO  TestCase02_registrationPageWithWeakPassword:27 - >>>>>>>>>Browser Opened<<<<<<<<<<<
2017-12-17 15:06:13 INFO  TestCase02_registrationPageWithWeakPassword:35 - Entered Personal informations
2017-12-17 15:06:18 INFO  TestCase02_registrationPageWithWeakPassword:42 - The Password is weak: Weak
2017-12-17 15:06:18 INFO  TestCase02_registrationPageWithWeakPassword:44 - The Password is weak: Weak
2017-12-17 15:06:19 INFO  TestCase02_registrationPageWithWeakPassword:52 - >>>>>>>>>>>>>>>Browser Closed<<<<<<<<<<<<<<
2017-12-17 15:14:45 INFO  TestBase:34 -  Openning Browser
2017-12-17 15:14:51 INFO  TestBase:37 - visiting URL:http://demoqa.com/registration
2017-12-17 15:14:51 INFO  TestCase02_registrationPageWithWeakPassword:27 - >>>>>>>>>Browser Opened<<<<<<<<<<<
2017-12-17 15:14:55 INFO  TestCase02_registrationPageWithWeakPassword:35 - Entered Personal informations
2017-12-17 15:15:26 INFO  TestCase02_registrationPageWithWeakPassword:51 - >>>>>>>>>>>>>>>Browser Closed<<<<<<<<<<<<<<
2017-12-17 15:16:40 INFO  TestBase:34 -  Openning Browser
2017-12-17 15:16:46 INFO  TestBase:37 - visiting URL:http://demoqa.com/registration
2017-12-17 15:16:46 INFO  TestCase02_registrationPageWithWeakPassword:27 - >>>>>>>>>Browser Opened<<<<<<<<<<<
2017-12-17 15:16:50 INFO  TestCase02_registrationPageWithWeakPassword:35 - Entered Personal informations
2017-12-17 15:16:54 INFO  TestCase02_registrationPageWithWeakPassword:42 - The Password is weak: Weak
2017-12-17 15:16:55 INFO  TestCase02_registrationPageWithWeakPassword:51 - >>>>>>>>>>>>>>>Browser Closed<<<<<<<<<<<<<<
2017-12-17 15:31:24 INFO  TestBase:34 -  Openning Browser
2017-12-17 15:31:31 INFO  TestBase:37 - visiting URL:http://demoqa.com/registration
2017-12-17 15:31:31 INFO  TestBase:34 -  Openning Browser
2017-12-17 15:31:40 INFO  TestBase:37 - visiting URL:http://demoqa.com/registration
2017-12-17 15:31:40 INFO  TestCase02_registrationPageWithWeakPassword:27 - >>>>>>>>>Browser Opened<<<<<<<<<<<
2017-12-17 15:31:40 INFO  TestBase:34 -  Openning Browser
2017-12-17 15:31:50 INFO  TestBase:37 - visiting URL:http://demoqa.com/registration
2017-12-17 15:31:57 INFO  TestCase02_registrationPageWithWeakPassword:35 - Entered Personal informations
2017-12-17 15:32:29 INFO  TestCase02_registrationPageWithWeakPassword:51 - >>>>>>>>>>>>>>>Browser Closed<<<<<<<<<<<<<<
2017-12-17 15:33:26 INFO  TestBase:34 -  Openning Browser
2017-12-17 15:33:33 INFO  TestBase:37 - visiting URL:http://demoqa.com/registration
2017-12-17 15:33:33 INFO  TestCase02_registrationPageWithWeakPassword:27 - >>>>>>>>>Browser Opened<<<<<<<<<<<
2017-12-17 15:33:38 INFO  TestCase02_registrationPageWithWeakPassword:35 - Entered Personal informations
2017-12-17 15:33:42 INFO  TestCase02_registrationPageWithWeakPassword:42 - The Password is weak: Weak
2017-12-17 15:33:45 INFO  TestCase02_registrationPageWithWeakPassword:51 - >>>>>>>>>>>>>>>Browser Closed<<<<<<<<<<<<<<
2017-12-17 15:35:27 INFO  TestBase:34 -  Openning Browser
2017-12-17 15:35:37 INFO  TestBase:37 - visiting URL:http://demoqa.com/registration
2017-12-17 15:35:37 INFO  TestCase02_registrationPageWithWeakPassword:27 - >>>>>>>>>Browser Opened<<<<<<<<<<<
2017-12-17 15:36:34 INFO  TestBase:34 -  Openning Browser
2017-12-17 15:36:42 INFO  TestBase:37 - visiting URL:http://demoqa.com/registration
2017-12-17 15:36:42 INFO  TestBase:34 -  Openning Browser
2017-12-17 15:36:49 INFO  TestBase:37 - visiting URL:http://demoqa.com/registration
2017-12-17 15:36:49 INFO  TestCase02_registrationPageWithWeakPassword:27 - >>>>>>>>>Browser Opened<<<<<<<<<<<
2017-12-17 15:36:49 INFO  TestBase:34 -  Openning Browser
2017-12-17 15:36:55 INFO  TestBase:37 - visiting URL:http://demoqa.com/registration
2017-12-17 15:37:02 INFO  TestCase02_registrationPageWithWeakPassword:35 - Entered Personal informations
2017-12-17 15:37:36 INFO  TestCase02_registrationPageWithWeakPassword:50 - >>>>>>>>>>>>>>>Browser Closed<<<<<<<<<<<<<<
2017-12-17 15:43:01 INFO  TestBase:34 -  Openning Browser
2017-12-17 15:43:08 INFO  TestBase:37 - visiting URL:http://demoqa.com/registration
2017-12-17 15:43:08 INFO  TestCase02_registrationPageWithWeakPassword:33 - >>>>>>>>>Browser Opened<<<<<<<<<<<
2017-12-17 15:43:12 INFO  TestCase02_registrationPageWithWeakPassword:41 - Entered Personal informations
2017-12-17 15:43:45 INFO  TestCase02_registrationPageWithWeakPassword:72 - >>>>>>>>>>>>>>>Browser Closed<<<<<<<<<<<<<<
2017-12-17 15:44:56 INFO  TestBase:34 -  Openning Browser
2017-12-17 15:45:03 INFO  TestBase:37 - visiting URL:http://demoqa.com/registration
2017-12-17 15:45:03 INFO  TestBase:34 -  Openning Browser
2017-12-17 15:45:09 INFO  TestBase:37 - visiting URL:http://demoqa.com/registration
2017-12-17 15:45:09 INFO  TestCase02_registrationPageWithWeakPassword:33 - >>>>>>>>>Browser Opened<<<<<<<<<<<
2017-12-17 15:45:09 INFO  TestBase:34 -  Openning Browser
2017-12-17 15:45:15 INFO  TestBase:37 - visiting URL:http://demoqa.com/registration
2017-12-17 15:45:23 INFO  TestCase02_registrationPageWithWeakPassword:41 - Entered Personal informations
2017-12-17 15:45:57 INFO  TestCase02_registrationPageWithWeakPassword:72 - >>>>>>>>>>>>>>>Browser Closed<<<<<<<<<<<<<<
2017-12-17 15:47:04 INFO  TestBase:34 -  Openning Browser
2017-12-17 15:47:11 INFO  TestBase:37 - visiting URL:http://demoqa.com/registration
2017-12-17 15:47:11 INFO  TestCase02_registrationPageWithWeakPassword:33 - >>>>>>>>>Browser Opened<<<<<<<<<<<
2017-12-17 15:47:15 INFO  TestCase02_registrationPageWithWeakPassword:41 - Entered Personal informations
2017-12-17 15:47:48 INFO  TestCase02_registrationPageWithWeakPassword:72 - >>>>>>>>>>>>>>>Browser Closed<<<<<<<<<<<<<<
2017-12-17 16:02:20 INFO  TestBase:34 -  Openning Browser
2017-12-17 16:02:26 INFO  TestBase:37 - visiting URL:http://demoqa.com/registration
2017-12-17 16:02:26 INFO  TestCase02_registrationPageWithWeakPassword:33 - >>>>>>>>>Browser Opened<<<<<<<<<<<
2017-12-17 16:02:31 INFO  TestCase02_registrationPageWithWeakPassword:41 - Entered Personal informations
2017-12-17 16:03:02 INFO  TestCase02_registrationPageWithWeakPassword:72 - >>>>>>>>>>>>>>>Browser Closed<<<<<<<<<<<<<<
2017-12-17 16:04:15 INFO  TestBase:34 -  Openning Browser
2017-12-17 16:04:21 INFO  TestBase:37 - visiting URL:http://demoqa.com/registration
2017-12-17 16:04:21 INFO  TestCase02_registrationPageWithWeakPassword:33 - >>>>>>>>>Browser Opened<<<<<<<<<<<
2017-12-17 16:04:25 INFO  TestCase02_registrationPageWithWeakPassword:41 - Entered Personal informations
2017-12-17 16:04:56 INFO  TestCase02_registrationPageWithWeakPassword:72 - >>>>>>>>>>>>>>>Browser Closed<<<<<<<<<<<<<<
2017-12-17 16:57:21 INFO  TestBase:34 - Openning your selected Browser
2017-12-17 16:57:28 INFO  TestBase:37 - visiting URL for Registration: http://demoqa.com/registration
2017-12-17 16:57:30 INFO  TestCase01_RegistrationPageWithInvalidPassword:38 - Entered your personal informations
2017-12-17 16:57:30 INFO  TestCase01_RegistrationPageWithInvalidPassword:42 -  Verifying that the Password is Invalid Very weak
2017-12-17 16:58:01 INFO  TestBase:64 - Closing browser
2017-12-17 16:58:02 INFO  TestCase01_RegistrationPageWithInvalidPassword:75 - >>>>>>>>>Browser Closed<<<<<<<<<<<
2017-12-17 16:58:31 INFO  TestBase:34 - Openning your selected Browser
2017-12-17 16:58:39 INFO  TestBase:37 - visiting URL for Registration: http://demoqa.com/registration
2017-12-17 16:58:41 INFO  TestCase01_RegistrationPageWithInvalidPassword:38 - Entered your personal informations
2017-12-17 16:58:41 INFO  TestCase01_RegistrationPageWithInvalidPassword:42 -  Verifying that the Password is Invalid Very weak
2017-12-17 16:59:13 INFO  TestBase:64 - Closing browser
2017-12-17 16:59:13 INFO  TestCase01_RegistrationPageWithInvalidPassword:75 - >>>>>>>>>Browser Closed<<<<<<<<<<<
2017-12-17 17:09:29 INFO  TestBase:25 - Openning your selected Browser
2017-12-17 17:09:40 INFO  TestBase:28 - visiting URL for Registration: http://demoqa.com/registration
2017-12-17 17:09:43 INFO  TestCase01_RegistrationPageWithInvalidPassword:38 - Entered your personal informations
2017-12-17 17:09:43 INFO  TestCase01_RegistrationPageWithInvalidPassword:42 -  Verifying that the Password is Invalid Very weak
2017-12-17 17:09:43 INFO  TestCase01_RegistrationPageWithInvalidPassword:45 - Clicked on Submit to register with Invalid passwrd
2017-12-17 17:10:14 INFO  TestBase:55 - Closing browser
2017-12-17 17:10:14 INFO  TestCase01_RegistrationPageWithInvalidPassword:76 - >>>>>>>>>Browser Closed<<<<<<<<<<<
2017-12-17 17:11:25 INFO  TestBase:25 - Openning your selected Browser
2017-12-17 17:11:35 INFO  TestBase:28 - visiting URL for Registration: http://demoqa.com/registration
2017-12-17 17:11:35 INFO  TestCase02_registrationPageWithWeakPassword:33 - >>>>>>>>>Browser Opened<<<<<<<<<<<
2017-12-17 17:11:37 INFO  TestCase02_registrationPageWithWeakPassword:41 - Entered Personal informations
2017-12-17 17:11:43 INFO  TestCase02_registrationPageWithWeakPassword:47 - Submitted information to register with weak password
2017-12-17 17:11:44 INFO  TestBase:55 - Closing browser
2017-12-17 17:11:46 INFO  TestCase02_registrationPageWithWeakPassword:76 - >>>>>>>>>>>>>>>Browser Closed<<<<<<<<<<<<<<
2017-12-17 17:20:29 INFO  TestBase:25 - Openning your selected Browser
2017-12-17 17:20:37 INFO  TestBase:28 - visiting URL for Registration: http://demoqa.com/registration
2017-12-17 17:20:37 INFO  TestCase03_registrationPageWithStrongPassword:23 - >>>>>>>>>Browser Opened<<<<<<<<<<<
2017-12-17 17:20:40 INFO  TestCase03_registrationPageWithStrongPassword:33 - Entered Personal informations
2017-12-17 17:20:40 INFO  TestCase03_registrationPageWithStrongPassword:36 - Confirmation of typed strong password: Strong
2017-12-17 17:20:44 INFO  TestCase03_registrationPageWithStrongPassword:39 - Submitted information to register with strong password
2017-12-17 17:20:45 INFO  TestCase03_registrationPageWithStrongPassword:43 - The Password is strong: Thank you for your registration
2017-12-17 17:20:45 INFO  TestBase:55 - Closing browser
2017-12-17 17:20:47 INFO  TestCase03_registrationPageWithStrongPassword:51 - >>>>>>>>>Browser Closed<<<<<<<<<<<
2017-12-17 17:26:57 INFO  TestBase:25 - Openning your selected Browser
2017-12-17 17:27:07 INFO  TestBase:28 - visiting URL for Registration: http://demoqa.com/registration
2017-12-17 17:27:07 INFO  TestCase02_registrationPageWithWeakPassword:33 - >>>>>>>>>Browser Opened<<<<<<<<<<<
2017-12-17 17:27:09 INFO  TestCase02_registrationPageWithWeakPassword:41 - Entered Personal informations
2017-12-17 17:27:09 INFO  TestCase02_registrationPageWithWeakPassword:45 - Confirmation of typed weak password: Weak
2017-12-17 17:27:14 INFO  TestCase02_registrationPageWithWeakPassword:48 - Submitted information to register with weak password
2017-12-17 17:27:14 INFO  TestCase02_registrationPageWithWeakPassword:52 - Confirmation of successful registration: Thank you for your registration
2017-12-17 17:27:14 INFO  TestBase:55 - Closing browser
2017-12-17 17:27:16 INFO  TestCase02_registrationPageWithWeakPassword:78 - >>>>>>>>>>>>>>>Browser Closed<<<<<<<<<<<<<<
2017-12-17 17:30:23 INFO  TestBase:25 - Openning your selected Browser
2017-12-17 17:30:35 INFO  TestBase:28 - visiting URL for Registration: http://demoqa.com/registration
2017-12-17 17:30:35 INFO  TestBase:25 - Openning your selected Browser
2017-12-17 17:30:44 INFO  TestBase:28 - visiting URL for Registration: http://demoqa.com/registration
2017-12-17 17:30:44 INFO  TestCase02_registrationPageWithWeakPassword:32 - >>>>>>>>>Browser Opened<<<<<<<<<<<
2017-12-17 17:30:44 INFO  TestBase:25 - Openning your selected Browser
2017-12-17 17:32:50 INFO  TestBase:25 - Openning your selected Browser
2017-12-17 17:32:59 INFO  TestBase:28 - visiting URL for Registration: http://demoqa.com/registration
2017-12-17 17:32:59 INFO  TestCase02_registrationPageWithWeakPassword:32 - >>>>>>>>>Browser Opened<<<<<<<<<<<
2017-12-17 17:32:59 INFO  TestBase:25 - Openning your selected Browser
2017-12-17 17:33:08 INFO  TestBase:28 - visiting URL for Registration: http://demoqa.com/registration
2017-12-17 17:33:08 INFO  TestCase03_registrationPageWithStrongPassword:23 - >>>>>>>>>Browser Opened<<<<<<<<<<<
2017-12-17 17:33:10 INFO  TestCase02_registrationPageWithWeakPassword:40 - Entered Personal informations
2017-12-17 17:33:10 INFO  TestCase02_registrationPageWithWeakPassword:44 - Confirmation of typed weak password: Weak
2017-12-17 17:33:16 INFO  TestCase02_registrationPageWithWeakPassword:47 - Submitted information to register with weak password
2017-12-17 17:33:17 INFO  TestCase02_registrationPageWithWeakPassword:51 - Confirmation of successful registration: Thank you for your registration
2017-12-17 17:33:19 INFO  TestCase03_registrationPageWithStrongPassword:33 - Entered Personal informations
2017-12-17 17:33:19 INFO  TestCase03_registrationPageWithStrongPassword:36 - Confirmation of typed strong password: Strong
2017-12-17 17:33:26 INFO  TestCase03_registrationPageWithStrongPassword:39 - Submitted information to register with strong password
2017-12-17 17:33:26 INFO  TestCase03_registrationPageWithStrongPassword:43 - Confirmation of successful registration: Thank you for your registration
2017-12-17 17:33:26 INFO  TestBase:55 - Closing browser
2017-12-17 17:33:26 INFO  TestCase02_registrationPageWithWeakPassword:77 - >>>>>>>>>>>>>>>Browser Closed<<<<<<<<<<<<<<
2017-12-17 17:33:26 INFO  TestBase:55 - Closing browser
2017-12-17 17:33:26 INFO  TestCase03_registrationPageWithStrongPassword:51 - >>>>>>>>>Browser Closed<<<<<<<<<<<
2017-12-17 17:48:33 INFO  TestBase:25 - Openning your selected Browser
2017-12-17 17:48:45 INFO  TestBase:28 - visiting URL for Registration: http://demoqa.com/registration
2017-12-17 17:48:45 INFO  TestBase:25 - Openning your selected Browser
2017-12-17 17:48:56 INFO  TestBase:28 - visiting URL for Registration: http://demoqa.com/registration
2017-12-17 17:48:56 INFO  TestCase02_registrationPageWithWeakPassword:32 - >>>>>>>>>Browser Opened<<<<<<<<<<<
2017-12-17 17:48:56 INFO  TestBase:25 - Openning your selected Browser
2017-12-17 17:49:07 INFO  TestBase:28 - visiting URL for Registration: http://demoqa.com/registration
2017-12-17 17:49:07 INFO  TestCase03_registrationPageWithStrongPassword:23 - >>>>>>>>>Browser Opened<<<<<<<<<<<
2017-12-17 17:49:10 INFO  TestCase01_RegistrationPageWithInvalidPassword:38 - Entered your personal informations
2017-12-17 17:49:10 INFO  TestCase01_RegistrationPageWithInvalidPassword:42 - Confirmation of typed invalid password: Very weak
2017-12-17 17:49:10 INFO  TestCase01_RegistrationPageWithInvalidPassword:45 - Clicked on Submit to register with Invalid password
2017-12-17 17:49:45 INFO  TestCase02_registrationPageWithWeakPassword:40 - Entered Personal informations
2017-12-17 17:49:45 INFO  TestCase02_registrationPageWithWeakPassword:44 - Confirmation of typed weak password: Weak
2017-12-17 17:49:49 INFO  TestCase02_registrationPageWithWeakPassword:47 - Submitted information to register with weak password
2017-12-17 17:49:49 INFO  TestCase02_registrationPageWithWeakPassword:51 - Confirmation of successful registration: Thank you for your registration
2017-12-17 17:49:52 INFO  TestCase03_registrationPageWithStrongPassword:33 - Entered Personal informations
2017-12-17 17:49:52 INFO  TestCase03_registrationPageWithStrongPassword:36 - Confirmation of typed strong password: Strong
2017-12-17 17:49:57 INFO  TestCase03_registrationPageWithStrongPassword:39 - Submitted information to register with strong password
2017-12-17 17:49:58 INFO  TestCase03_registrationPageWithStrongPassword:43 - Confirmation of successful registration: Thank you for your registration
2017-12-17 17:49:58 INFO  TestBase:55 - Closing browser
2017-12-17 17:49:58 INFO  TestCase01_RegistrationPageWithInvalidPassword:76 - >>>>>>>>>Browser Closed<<<<<<<<<<<
2017-12-17 17:49:58 INFO  TestBase:55 - Closing browser
2017-12-17 17:50:00 INFO  TestCase02_registrationPageWithWeakPassword:77 - >>>>>>>>>>>>>>>Browser Closed<<<<<<<<<<<<<<
2017-12-17 17:50:00 INFO  TestBase:55 - Closing browser
2017-12-17 17:50:02 INFO  TestCase03_registrationPageWithStrongPassword:51 - >>>>>>>>>Browser Closed<<<<<<<<<<<
